2023-10-20 11:00:26,046 INFO m.ApplicationManager [ApplicationManager.java:21] open page: https://telranedu.web.app/home
2023-10-20 11:00:26,195 INFO m.TestNGListener [TestNGListener.java:50] start test - onstart - : Gradle test
2023-10-20 11:00:26,224 INFO m.TestNGListener [TestNGListener.java:15] started test: positiveLoginUserDto
2023-10-20 11:00:26,225 INFO t.BaseTests [LoginTests.java:17] logger info: start test positiveLoginUserDto
2023-10-20 11:00:26,225 INFO t.BaseTests [LoginTests.java:18] in the next function: open login page, fill email input with email: testqa20@gmail.com and with the password: 123456Aa$ and click on button login
2023-10-20 11:00:26,225 INFO m.BaseHelper [BaseHelper.java:22] search element by locator: By.xpath: //a[@href='/logi']
2023-10-20 11:00:26,226 INFO m.WDListener [WDListener.java:89] before find element: By.xpath: //a[@href='/logi']
2023-10-20 11:01:26,274 INFO m.WDListener [WDListener.java:145] start on exception in WDListener class
2023-10-20 11:01:26,275 INFO m.WDListener [WDListener.java:147] created name for the screenshot: src/test/screenshots/screenshot-2023-10-20 11:01:26.png
2023-10-20 11:01:26,275 ERROR m.WDListener [WDListener.java:148] no such element: Unable to locate element: {"method":"xpath","selector":"//a[@href='/logi']"}
  (Session info: chrome=118.0.5993.71)
For documentation on this error, please visit: https://www.seleniumhq.org/exceptions/no_such_element.html
Build info: version: '3.141.59', revision: 'e82be7d358', time: '2018-11-14T08:17:03'
System info: host: 'HOLDRAY', ip: '192.168.1.54', os.name: 'Windows 11', os.arch: 'amd64', os.version: '10.0', java.version: '1.8.0_333'
Driver info: org.openqa.selenium.chrome.ChromeDriver
Capabilities {acceptInsecureCerts: false, browserName: chrome, browserVersion: 118.0.5993.71, chrome: {chromedriverVersion: 118.0.5993.70 (e52f33f30b91..., userDataDir: C:\Users\Tipav\AppData\Loca...}, fedcm:accounts: true, goog:chromeOptions: {debuggerAddress: localhost:56158}, javascriptEnabled: true, networkConnectionEnabled: false, pageLoadStrategy: normal, platform: WINDOWS, platformName: WINDOWS, proxy: Proxy(), setWindowRect: true, strictFileInteractability: false, timeouts: {implicit: 0, pageLoad: 300000, script: 30000}, unhandledPromptBehavior: dismiss and notify, webauthn:extension:credBlob: true, webauthn:extension:largeBlob: true, webauthn:extension:minPinLength: true, webauthn:extension:prf: true, webauthn:virtualAuthenticators: true}
Session ID: c5eb96c059659cd527fedf32a026fc88
*** Element info: {Using=xpath, value=//a[@href='/logi']}
2023-10-20 11:01:26,275 ERROR m.WDListener [WDListener.java:149] [sun.reflect.NativeConstructorAccessorImpl.newInstance0(Native Method), sun.reflect.NativeConstructorAccessorImpl.newInstance(NativeConstructorAccessorImpl.java:62), sun.reflect.DelegatingConstructorAccessorImpl.newInstance(DelegatingConstructorAccessorImpl.java:45), java.lang.reflect.Constructor.newInstance(Constructor.java:423), org.openqa.selenium.remote.http.W3CHttpResponseCodec.createException(W3CHttpResponseCodec.java:187), org.openqa.selenium.remote.http.W3CHttpResponseCodec.decode(W3CHttpResponseCodec.java:122), org.openqa.selenium.remote.http.W3CHttpResponseCodec.decode(W3CHttpResponseCodec.java:49), org.openqa.selenium.remote.HttpCommandExecutor.execute(HttpCommandExecutor.java:158), org.openqa.selenium.remote.service.DriverCommandExecutor.execute(DriverCommandExecutor.java:83), org.openqa.selenium.remote.RemoteWebDriver.execute(RemoteWebDriver.java:552), org.openqa.selenium.remote.RemoteWebDriver.findElement(RemoteWebDriver.java:323), org.openqa.selenium.remote.RemoteWebDriver.findElementByXPath(RemoteWebDriver.java:428), org.openqa.selenium.By$ByXPath.findElement(By.java:353), org.openqa.selenium.remote.RemoteWebDriver.findElement(RemoteWebDriver.java:315), sun.reflect.NativeMethodAccessorImpl.invoke0(Native Method), sun.reflect.NativeMethodAccessorImpl.invoke(NativeMethodAccessorImpl.java:62), sun.reflect.DelegatingMethodAccessorImpl.invoke(DelegatingMethodAccessorImpl.java:43), java.lang.reflect.Method.invoke(Method.java:498), org.openqa.selenium.support.events.EventFiringWebDriver.lambda$new$1(EventFiringWebDriver.java:105), com.sun.proxy.$Proxy12.findElement(Unknown Source), org.openqa.selenium.support.events.EventFiringWebDriver.findElement(EventFiringWebDriver.java:194), manager.BaseHelper.findElementBase(BaseHelper.java:24), manager.BaseHelper.clickBase(BaseHelper.java:33), manager.UserHelper.fillLoginUserDto(UserHelper.java:22), tests.LoginTests.positiveLoginUserDto(LoginTests.java:21), sun.reflect.NativeMethodAccessorImpl.invoke0(Native Method), sun.reflect.NativeMethodAccessorImpl.invoke(NativeMethodAccessorImpl.java:62), sun.reflect.DelegatingMethodAccessorImpl.invoke(DelegatingMethodAccessorImpl.java:43), java.lang.reflect.Method.invoke(Method.java:498), org.testng.internal.MethodInvocationHelper.invokeMethod(MethodInvocationHelper.java:133), org.testng.internal.TestInvoker.invokeMethod(TestInvoker.java:598), org.testng.internal.TestInvoker.invokeTestMethod(TestInvoker.java:173), org.testng.internal.MethodRunner.runInSequence(MethodRunner.java:46), org.testng.internal.TestInvoker$MethodInvocationAgent.invoke(TestInvoker.java:824), org.testng.internal.TestInvoker.invokeTestMethods(TestInvoker.java:146), org.testng.internal.TestMethodWorker.invokeTestMethods(TestMethodWorker.java:146), org.testng.internal.TestMethodWorker.run(TestMethodWorker.java:128), java.util.ArrayList.forEach(ArrayList.java:1259), org.testng.TestRunner.privateRun(TestRunner.java:794), org.testng.TestRunner.run(TestRunner.java:596), org.testng.SuiteRunner.runTest(SuiteRunner.java:377), org.testng.SuiteRunner.runSequentially(SuiteRunner.java:371), org.testng.SuiteRunner.privateRun(SuiteRunner.java:332), org.testng.SuiteRunner.run(SuiteRunner.java:276), org.testng.SuiteRunnerWorker.runSuite(SuiteRunnerWorker.java:53), org.testng.SuiteRunnerWorker.run(SuiteRunnerWorker.java:96), org.testng.TestNG.runSuitesSequentially(TestNG.java:1212), org.testng.TestNG.runSuitesLocally(TestNG.java:1134), org.testng.TestNG.runSuites(TestNG.java:1063), org.testng.TestNG.run(TestNG.java:1031), org.gradle.api.internal.tasks.testing.testng.TestNGTestClassProcessor.runTests(TestNGTestClassProcessor.java:141), org.gradle.api.internal.tasks.testing.testng.TestNGTestClassProcessor.stop(TestNGTestClassProcessor.java:90), org.gradle.api.internal.tasks.testing.SuiteTestClassProcessor.stop(SuiteTestClassProcessor.java:61), sun.reflect.NativeMethodAccessorImpl.invoke0(Native Method), sun.reflect.NativeMethodAccessorImpl.invoke(NativeMethodAccessorImpl.java:62), sun.reflect.DelegatingMethodAccessorImpl.invoke(DelegatingMethodAccessorImpl.java:43), java.lang.reflect.Method.invoke(Method.java:498), org.gradle.internal.dispatch.ReflectionDispatch.dispatch(ReflectionDispatch.java:36), org.gradle.internal.dispatch.ReflectionDispatch.dispatch(ReflectionDispatch.java:24), org.gradle.internal.dispatch.ContextClassLoaderDispatch.dispatch(ContextClassLoaderDispatch.java:33), org.gradle.internal.dispatch.ProxyDispatchAdapter$DispatchingInvocationHandler.invoke(ProxyDispatchAdapter.java:94), com.sun.proxy.$Proxy2.stop(Unknown Source), org.gradle.api.internal.tasks.testing.worker.TestWorker$3.run(TestWorker.java:193), org.gradle.api.internal.tasks.testing.worker.TestWorker.executeAndMaintainThreadName(TestWorker.java:129), org.gradle.api.internal.tasks.testing.worker.TestWorker.execute(TestWorker.java:100), org.gradle.api.internal.tasks.testing.worker.TestWorker.execute(TestWorker.java:60), org.gradle.process.internal.worker.child.ActionExecutionWorker.execute(ActionExecutionWorker.java:56), org.gradle.process.internal.worker.child.SystemApplicationClassLoaderWorker.call(SystemApplicationClassLoaderWorker.java:133), org.gradle.process.internal.worker.child.SystemApplicationClassLoaderWorker.call(SystemApplicationClassLoaderWorker.java:71), worker.org.gradle.process.internal.worker.GradleWorkerMain.run(GradleWorkerMain.java:69), worker.org.gradle.process.internal.worker.GradleWorkerMain.main(GradleWorkerMain.java:74)]
2023-10-20 11:01:26,277 ERROR m.WDListener [WDListener.java:150] org.openqa.selenium.NoSuchElementException: no such element: Unable to locate element: {"method":"xpath","selector":"//a[@href='/logi']"}
  (Session info: chrome=118.0.5993.71)
For documentation on this error, please visit: https://www.seleniumhq.org/exceptions/no_such_element.html
Build info: version: '3.141.59', revision: 'e82be7d358', time: '2018-11-14T08:17:03'
System info: host: 'HOLDRAY', ip: '192.168.1.54', os.name: 'Windows 11', os.arch: 'amd64', os.version: '10.0', java.version: '1.8.0_333'
Driver info: org.openqa.selenium.chrome.ChromeDriver
Capabilities {acceptInsecureCerts: false, browserName: chrome, browserVersion: 118.0.5993.71, chrome: {chromedriverVersion: 118.0.5993.70 (e52f33f30b91..., userDataDir: C:\Users\Tipav\AppData\Loca...}, fedcm:accounts: true, goog:chromeOptions: {debuggerAddress: localhost:56158}, javascriptEnabled: true, networkConnectionEnabled: false, pageLoadStrategy: normal, platform: WINDOWS, platformName: WINDOWS, proxy: Proxy(), setWindowRect: true, strictFileInteractability: false, timeouts: {implicit: 0, pageLoad: 300000, script: 30000}, unhandledPromptBehavior: dismiss and notify, webauthn:extension:credBlob: true, webauthn:extension:largeBlob: true, webauthn:extension:minPinLength: true, webauthn:extension:prf: true, webauthn:virtualAuthenticators: true}
Session ID: c5eb96c059659cd527fedf32a026fc88
*** Element info: {Using=xpath, value=//a[@href='/logi']}
2023-10-20 11:01:26,687 ERROR m.WDListener [WDListener.java:162] got an exception for adding screenshot to the folder: src\test\screenshots\screenshot-2023-10-20 11:01:26.png (The filename, directory name, or volume label syntax is incorrect)
2023-10-20 11:01:26,688 INFO m.TestNGListener [TestNGListener.java:27] test failure: positiveLoginUserDto
2023-10-20 11:01:26,691 INFO m.TestNGListener [TestNGListener.java:56] all code executed: passed tests: [ResultMap map=[]]
2023-10-20 11:01:26,692 INFO m.TestNGListener [TestNGListener.java:57] all code executed: failed tests: [ResultMap map=[[TestResult name=positiveLoginUserDto status=FAILURE method=LoginTests.positiveLoginUserDto()[pri:0, instance:tests.LoginTests@16a0ee18] output={null}]]]
